<?xml version="1.0" encoding="UTF-8"?>
<!-- Generated by org.testng.reporters.JUnitReportReporter -->
<testsuite hostname="LAKESH-LAPTOP" failures="0" tests="7" name="testcases.TestCases" time="138.079" errors="0" timestamp="2025-05-23T02:10:26 IST" skipped="0">
  <testcase classname="testcases.TestCases" name="testCase02" time="26.692"/>
  <testcase classname="testcases.TestCases" name="testCase05" time="12.399"/>
  <testcase classname="testcases.TestCases" name="testCase01" time="20.542"/>
  <testcase classname="testcases.TestCases" name="testCase03" time="24.939"/>
  <testcase classname="testcases.TestCases" name="testCase05" time="16.234"/>
  <testcase classname="testcases.TestCases" name="testCase04" time="25.712"/>
  <testcase classname="testcases.TestCases" name="testCase05" time="11.561"/>
</testsuite> <!-- testcases.TestCases -->
