<?xml version="1.0" encoding="UTF-8"?>
<!-- Generated by org.testng.reporters.JUnitReportReporter -->
<testsuite hostname="LAKESH-LAPTOP" failures="0" tests="9" name="testcases.TestCases" time="463.657" errors="0" timestamp="2025-06-10T12:32:17 IST" skipped="0">
  <testcase classname="testcases.TestCases" name="testCase02" time="72.095"/>
  <testcase classname="testcases.TestCases" name="testCase04" time="27.450"/>
  <testcase classname="testcases.TestCases" name="testCase02" time="51.954"/>
  <testcase classname="testcases.TestCases" name="testCase02" time="66.217"/>
  <testcase classname="testcases.TestCases" name="testCase02" time="52.392"/>
  <testcase classname="testcases.TestCases" name="testCase03" time="29.155"/>
  <testcase classname="testcases.TestCases" name="testCase02" time="87.083"/>
  <testcase classname="testcases.TestCases" name="testCase05" time="53.510"/>
  <testcase classname="testcases.TestCases" name="testCase01" time="23.801"/>
</testsuite> <!-- testcases.TestCases -->
