<?xml version="1.0" encoding="UTF-8"?>
<!-- Generated by org.testng.reporters.JUnitReportReporter -->
<testsuite hostname="LAKESH-LAPTOP" failures="0" tests="9" name="testcases.TestCases" time="465.907" errors="0" timestamp="2025-06-09T23:15:47 IST" skipped="0">
  <testcase classname="testcases.TestCases" name="testCase02" time="56.377"/>
  <testcase classname="testcases.TestCases" name="testCase02" time="88.181"/>
  <testcase classname="testcases.TestCases" name="testCase02" time="54.921"/>
  <testcase classname="testcases.TestCases" name="testCase05" time="42.928"/>
  <testcase classname="testcases.TestCases" name="testCase02" time="54.915"/>
  <testcase classname="testcases.TestCases" name="testCase04" time="26.685"/>
  <testcase classname="testcases.TestCases" name="testCase02" time="71.910"/>
  <testcase classname="testcases.TestCases" name="testCase01" time="29.790"/>
  <testcase classname="testcases.TestCases" name="testCase03" time="40.200"/>
</testsuite> <!-- testcases.TestCases -->
