<?xml version="1.0" encoding="UTF-8"?>
<!-- Generated by org.testng.reporters.JUnitReportReporter -->
<testsuite hostname="LAKESH-LAPTOP" failures="0" tests="7" name="demo.TestCases" time="195.438" errors="0" timestamp="7 Feb 2025 06:21:04 GMT">
  <testcase classname="demo.TestCases" name="testCase02" time="10.505"/>
  <testcase classname="demo.TestCases" name="testCase01" time="9.517"/>
  <testcase classname="demo.TestCases" name="testCase05" time="33.841"/>
  <testcase classname="demo.TestCases" name="testCase05" time="33.676"/>
  <testcase classname="demo.TestCases" name="testCase04" time="40.656"/>
  <testcase classname="demo.TestCases" name="testCase05" time="33.257"/>
  <testcase classname="demo.TestCases" name="testCase03" time="33.986"/>
</testsuite> <!-- demo.TestCases -->
