<?xml version="1.0" encoding="UTF-8"?>
<!-- Generated by org.testng.reporters.JUnitReportReporter -->
<testsuite hostname="LAKESH-LAPTOP" failures="0" tests="7" name="testcases.TestCases" time="73.941" errors="0" timestamp="2025-05-02T18:33:26 IST" skipped="0">
  <testcase classname="testcases.TestCases" name="testCase03" time="8.240"/>
  <system-out/>
  <testcase classname="testcases.TestCases" name="testCase05" time="13.558"/>
  <system-out/>
  <testcase classname="testcases.TestCases" name="testCase05" time="6.601"/>
  <system-out/>
  <testcase classname="testcases.TestCases" name="testCase02" time="10.557"/>
  <system-out/>
  <testcase classname="testcases.TestCases" name="testCase04" time="14.666"/>
  <system-out/>
  <testcase classname="testcases.TestCases" name="testCase05" time="6.405"/>
  <system-out/>
  <testcase classname="testcases.TestCases" name="testCase01" time="13.914"/>
  <system-out/>
</testsuite> <!-- testcases.TestCases -->
